<?xml version="1.0" encoding="UTF-8"?>
<!-- Generated by org.testng.reporters.JUnitReportReporter -->
<testsuite hostname="DESKTOP-NPLNUGD" failures="0" tests="1" name="Testscripts.Login_Product_ADD" time="0.399" errors="0" timestamp="2022-11-12T15:20:41 GST" skipped="0">
  <testcase classname="Testscripts.Login_Product_ADD" name="validLogin_Product_ADD" time="0.399"/>
  <system-out>
Username Entered Password Entered Loggedin sucessfully 1st Product Added 2nd Product Added 3rd Product Added Cart button clicked  </system-out>
</testsuite> <!-- Testscripts.Login_Product_ADD -->
